<?xml version="1.0" encoding="UTF-8"?>
<coverage generated="1620907256411" clover="3.2.0">
  <project timestamp="1620907256411" name="All files">
    <metrics statements="73" coveredstatements="67" conditionals="22" coveredconditionals="21" methods="10" coveredmethods="10" elements="105" coveredelements="98" complexity="0" loc="73" ncloc="73" packages="1" files="2" classes="2"/>
    <file name="database.js" path="C:\Users\DM\Course\content-management\database.js">
      <metrics statements="5" coveredstatements="5" conditionals="2" coveredconditionals="1" methods="0" coveredmethods="0"/>
      <line num="1" count="2" type="stmt"/>
      <line num="2" count="2" type="stmt"/>
      <line num="4" count="2" type="stmt"/>
      <line num="6" count="2" type="stmt"/>
      <line num="14" count="2" type="stmt"/>
    </file>
    <file name="index.js" path="C:\Users\DM\Course\content-management\index.js">
      <metrics statements="68" coveredstatements="62" conditionals="20" coveredconditionals="20" methods="10" coveredmethods="10"/>
      <line num="1" count="2" type="stmt"/>
      <line num="2" count="2" type="stmt"/>
      <line num="3" count="2" type="stmt"/>
      <line num="4" count="2" type="stmt"/>
      <line num="5" count="2" type="stmt"/>
      <line num="7" count="2" type="stmt"/>
      <line num="8" count="2" type="stmt"/>
      <line num="14" count="2" type="stmt"/>
      <line num="15" count="1" type="stmt"/>
      <line num="16" count="1" type="stmt"/>
      <line num="18" count="1" type="stmt"/>
      <line num="20" count="0" type="stmt"/>
      <line num="25" count="2" type="stmt"/>
      <line num="26" count="3" type="stmt"/>
      <line num="27" count="3" type="stmt"/>
      <line num="28" count="3" type="stmt"/>
      <line num="30" count="3" type="stmt"/>
      <line num="32" count="0" type="stmt"/>
      <line num="37" count="2" type="stmt"/>
      <line num="38" count="12" type="stmt"/>
      <line num="39" count="12" type="stmt"/>
      <line num="41" count="12" type="cond" truecount="5" falsecount="0"/>
      <line num="44" count="12" type="stmt"/>
      <line num="47" count="4" type="stmt"/>
      <line num="52" count="2" type="stmt"/>
      <line num="53" count="5" type="stmt"/>
      <line num="54" count="5" type="stmt"/>
      <line num="55" count="5" type="stmt"/>
      <line num="57" count="5" type="cond" truecount="4" falsecount="0"/>
      <line num="59" count="5" type="stmt"/>
      <line num="62" count="4" type="stmt"/>
      <line num="67" count="2" type="stmt"/>
      <line num="68" count="1" type="stmt"/>
      <line num="69" count="1" type="stmt"/>
      <line num="70" count="1" type="stmt"/>
      <line num="72" count="1" type="stmt"/>
      <line num="75" count="0" type="stmt"/>
      <line num="83" count="2" type="stmt"/>
      <line num="84" count="1" type="stmt"/>
      <line num="85" count="1" type="stmt"/>
      <line num="87" count="1" type="stmt"/>
      <line num="89" count="0" type="stmt"/>
      <line num="94" count="2" type="stmt"/>
      <line num="95" count="3" type="stmt"/>
      <line num="96" count="3" type="stmt"/>
      <line num="97" count="3" type="stmt"/>
      <line num="99" count="3" type="stmt"/>
      <line num="101" count="0" type="stmt"/>
      <line num="106" count="2" type="stmt"/>
      <line num="107" count="13" type="stmt"/>
      <line num="108" count="13" type="stmt"/>
      <line num="110" count="13" type="cond" truecount="6" falsecount="0"/>
      <line num="113" count="13" type="stmt"/>
      <line num="116" count="5" type="stmt"/>
      <line num="121" count="2" type="stmt"/>
      <line num="122" count="5" type="stmt"/>
      <line num="123" count="5" type="stmt"/>
      <line num="124" count="5" type="stmt"/>
      <line num="126" count="5" type="cond" truecount="5" falsecount="0"/>
      <line num="128" count="5" type="stmt"/>
      <line num="131" count="4" type="stmt"/>
      <line num="136" count="2" type="stmt"/>
      <line num="137" count="1" type="stmt"/>
      <line num="138" count="1" type="stmt"/>
      <line num="139" count="1" type="stmt"/>
      <line num="141" count="1" type="stmt"/>
      <line num="144" count="0" type="stmt"/>
      <line num="148" count="2" type="stmt"/>
    </file>
  </project>
</coverage>
