{"C:\\Users\\DM\\Course\\content-management\\database.js": {"path":"C:\\Users\\DM\\Course\\content-management\\database.js","statementMap":{"0":{"start":{"line":1,"column":0},"end":{"line":1,"column":26}},"1":{"start":{"line":2,"column":13},"end":{"line":2,"column":31}},"2":{"start":{"line":4,"column":21},"end":{"line":4,"column":58}},"3":{"start":{"line":6,"column":13},"end":{"line":12,"column":2}},"4":{"start":{"line":14,"column":0},"end":{"line":14,"column":22}}},"fnMap":{},"branchMap":{"0":{"loc":{"start":{"line":9,"column":12},"end":{"line":9,"column":51}},"type":"cond-expr","locations":[{"start":{"line":9,"column":27},"end":{"line":9,"column":35}},{"start":{"line":9,"column":38},"end":{"line":9,"column":51}}],"line":9}},"s":{"0":2,"1":2,"2":2,"3":2,"4":2},"f":{},"b":{"0":[0,2]},"_coverageSchema":"1a1c01bbd47fc00a2c39e90264f33305004495a9","hash":"f456f74c61c497b8c9b17f6f10583b50f2eeb07d"}
,"C:\\Users\\DM\\Course\\content-management\\index.js": {"path":"C:\\Users\\DM\\Course\\content-management\\index.js","statementMap":{"0":{"start":{"line":1,"column":16},"end":{"line":1,"column":34}},"1":{"start":{"line":2,"column":12},"end":{"line":2,"column":21}},"2":{"start":{"line":3,"column":13},"end":{"line":3,"column":34}},"3":{"start":{"line":4,"column":13},"end":{"line":4,"column":28}},"4":{"start":{"line":5,"column":0},"end":{"line":5,"column":26}},"5":{"start":{"line":7,"column":0},"end":{"line":7,"column":55}},"6":{"start":{"line":8,"column":0},"end":{"line":8,"column":23}},"7":{"start":{"line":14,"column":0},"end":{"line":22,"column":2}},"8":{"start":{"line":15,"column":2},"end":{"line":21,"column":3}},"9":{"start":{"line":16,"column":23},"end":{"line":16,"column":62}},"10":{"start":{"line":18,"column":4},"end":{"line":18,"column":29}},"11":{"start":{"line":20,"column":4},"end":{"line":20,"column":31}},"12":{"start":{"line":25,"column":0},"end":{"line":34,"column":2}},"13":{"start":{"line":26,"column":17},"end":{"line":26,"column":27}},"14":{"start":{"line":27,"column":2},"end":{"line":33,"column":3}},"15":{"start":{"line":28,"column":20},"end":{"line":28,"column":87}},"16":{"start":{"line":30,"column":4},"end":{"line":30,"column":29}},"17":{"start":{"line":32,"column":4},"end":{"line":32,"column":30}},"18":{"start":{"line":37,"column":0},"end":{"line":49,"column":2}},"19":{"start":{"line":38,"column":2},"end":{"line":48,"column":3}},"20":{"start":{"line":39,"column":43},"end":{"line":39,"column":51}},"21":{"start":{"line":41,"column":23},"end":{"line":42,"column":119}},"22":{"start":{"line":44,"column":4},"end":{"line":44,"column":32}},"23":{"start":{"line":47,"column":4},"end":{"line":47,"column":30}},"24":{"start":{"line":52,"column":0},"end":{"line":64,"column":2}},"25":{"start":{"line":53,"column":2},"end":{"line":63,"column":3}},"26":{"start":{"line":54,"column":17},"end":{"line":54,"column":27}},"27":{"start":{"line":55,"column":29},"end":{"line":55,"column":37}},"28":{"start":{"line":57,"column":26},"end":{"line":57,"column":174}},"29":{"start":{"line":59,"column":4},"end":{"line":59,"column":35}},"30":{"start":{"line":62,"column":4},"end":{"line":62,"column":30}},"31":{"start":{"line":67,"column":0},"end":{"line":77,"column":2}},"32":{"start":{"line":68,"column":2},"end":{"line":76,"column":3}},"33":{"start":{"line":69,"column":17},"end":{"line":69,"column":27}},"34":{"start":{"line":70,"column":26},"end":{"line":70,"column":91}},"35":{"start":{"line":72,"column":4},"end":{"line":72,"column":35}},"36":{"start":{"line":75,"column":4},"end":{"line":75,"column":30}},"37":{"start":{"line":83,"column":0},"end":{"line":91,"column":2}},"38":{"start":{"line":84,"column":2},"end":{"line":90,"column":3}},"39":{"start":{"line":85,"column":21},"end":{"line":85,"column":60}},"40":{"start":{"line":87,"column":4},"end":{"line":87,"column":27}},"41":{"start":{"line":89,"column":4},"end":{"line":89,"column":31}},"42":{"start":{"line":94,"column":0},"end":{"line":103,"column":2}},"43":{"start":{"line":95,"column":17},"end":{"line":95,"column":27}},"44":{"start":{"line":96,"column":2},"end":{"line":102,"column":3}},"45":{"start":{"line":97,"column":17},"end":{"line":97,"column":81}},"46":{"start":{"line":99,"column":4},"end":{"line":99,"column":26}},"47":{"start":{"line":101,"column":4},"end":{"line":101,"column":30}},"48":{"start":{"line":106,"column":0},"end":{"line":118,"column":2}},"49":{"start":{"line":107,"column":2},"end":{"line":117,"column":3}},"50":{"start":{"line":108,"column":50},"end":{"line":108,"column":58}},"51":{"start":{"line":110,"column":20},"end":{"line":111,"column":160}},"52":{"start":{"line":113,"column":4},"end":{"line":113,"column":29}},"53":{"start":{"line":116,"column":4},"end":{"line":116,"column":30}},"54":{"start":{"line":121,"column":0},"end":{"line":133,"column":2}},"55":{"start":{"line":122,"column":2},"end":{"line":132,"column":3}},"56":{"start":{"line":123,"column":17},"end":{"line":123,"column":27}},"57":{"start":{"line":124,"column":50},"end":{"line":124,"column":58}},"58":{"start":{"line":126,"column":23},"end":{"line":126,"column":220}},"59":{"start":{"line":128,"column":4},"end":{"line":128,"column":32}},"60":{"start":{"line":131,"column":4},"end":{"line":131,"column":30}},"61":{"start":{"line":136,"column":0},"end":{"line":146,"column":2}},"62":{"start":{"line":137,"column":2},"end":{"line":145,"column":3}},"63":{"start":{"line":138,"column":17},"end":{"line":138,"column":27}},"64":{"start":{"line":139,"column":23},"end":{"line":139,"column":85}},"65":{"start":{"line":141,"column":4},"end":{"line":141,"column":32}},"66":{"start":{"line":144,"column":4},"end":{"line":144,"column":30}},"67":{"start":{"line":148,"column":0},"end":{"line":148,"column":20}}},"fnMap":{"0":{"name":"(anonymous_0)","decl":{"start":{"line":14,"column":21},"end":{"line":14,"column":22}},"loc":{"start":{"line":14,"column":41},"end":{"line":22,"column":1}},"line":14},"1":{"name":"(anonymous_1)","decl":{"start":{"line":25,"column":24},"end":{"line":25,"column":25}},"loc":{"start":{"line":25,"column":44},"end":{"line":34,"column":1}},"line":25},"2":{"name":"(anonymous_2)","decl":{"start":{"line":37,"column":25},"end":{"line":37,"column":26}},"loc":{"start":{"line":37,"column":45},"end":{"line":49,"column":1}},"line":37},"3":{"name":"(anonymous_3)","decl":{"start":{"line":52,"column":24},"end":{"line":52,"column":25}},"loc":{"start":{"line":52,"column":43},"end":{"line":64,"column":1}},"line":52},"4":{"name":"(anonymous_4)","decl":{"start":{"line":67,"column":27},"end":{"line":67,"column":28}},"loc":{"start":{"line":67,"column":46},"end":{"line":77,"column":1}},"line":67},"5":{"name":"(anonymous_5)","decl":{"start":{"line":83,"column":19},"end":{"line":83,"column":20}},"loc":{"start":{"line":83,"column":39},"end":{"line":91,"column":1}},"line":83},"6":{"name":"(anonymous_6)","decl":{"start":{"line":94,"column":22},"end":{"line":94,"column":23}},"loc":{"start":{"line":94,"column":42},"end":{"line":103,"column":1}},"line":94},"7":{"name":"(anonymous_7)","decl":{"start":{"line":106,"column":23},"end":{"line":106,"column":24}},"loc":{"start":{"line":106,"column":43},"end":{"line":118,"column":1}},"line":106},"8":{"name":"(anonymous_8)","decl":{"start":{"line":121,"column":22},"end":{"line":121,"column":23}},"loc":{"start":{"line":121,"column":41},"end":{"line":133,"column":1}},"line":121},"9":{"name":"(anonymous_9)","decl":{"start":{"line":136,"column":25},"end":{"line":136,"column":26}},"loc":{"start":{"line":136,"column":44},"end":{"line":146,"column":1}},"line":136}},"branchMap":{"0":{"loc":{"start":{"line":41,"column":23},"end":{"line":42,"column":119}},"type":"cond-expr","locations":[{"start":{"line":41,"column":61},"end":{"line":41,"column":80}},{"start":{"line":41,"column":83},"end":{"line":42,"column":119}}],"line":41},"1":{"loc":{"start":{"line":41,"column":23},"end":{"line":41,"column":58}},"type":"binary-expr","locations":[{"start":{"line":41,"column":23},"end":{"line":41,"column":29}},{"start":{"line":41,"column":33},"end":{"line":41,"column":41}},{"start":{"line":41,"column":45},"end":{"line":41,"column":58}}],"line":41},"2":{"loc":{"start":{"line":57,"column":26},"end":{"line":57,"column":174}},"type":"cond-expr","locations":[{"start":{"line":57,"column":47},"end":{"line":57,"column":66}},{"start":{"line":57,"column":69},"end":{"line":57,"column":174}}],"line":57},"3":{"loc":{"start":{"line":57,"column":26},"end":{"line":57,"column":44}},"type":"binary-expr","locations":[{"start":{"line":57,"column":26},"end":{"line":57,"column":32}},{"start":{"line":57,"column":36},"end":{"line":57,"column":44}}],"line":57},"4":{"loc":{"start":{"line":110,"column":20},"end":{"line":111,"column":160}},"type":"cond-expr","locations":[{"start":{"line":110,"column":68},"end":{"line":110,"column":87}},{"start":{"line":110,"column":90},"end":{"line":111,"column":160}}],"line":110},"5":{"loc":{"start":{"line":110,"column":20},"end":{"line":110,"column":65}},"type":"binary-expr","locations":[{"start":{"line":110,"column":20},"end":{"line":110,"column":26}},{"start":{"line":110,"column":30},"end":{"line":110,"column":39}},{"start":{"line":110,"column":43},"end":{"line":110,"column":48}},{"start":{"line":110,"column":52},"end":{"line":110,"column":65}}],"line":110},"6":{"loc":{"start":{"line":126,"column":23},"end":{"line":126,"column":220}},"type":"cond-expr","locations":[{"start":{"line":126,"column":54},"end":{"line":126,"column":73}},{"start":{"line":126,"column":76},"end":{"line":126,"column":220}}],"line":126},"7":{"loc":{"start":{"line":126,"column":23},"end":{"line":126,"column":51}},"type":"binary-expr","locations":[{"start":{"line":126,"column":23},"end":{"line":126,"column":29}},{"start":{"line":126,"column":33},"end":{"line":126,"column":42}},{"start":{"line":126,"column":46},"end":{"line":126,"column":51}}],"line":126}},"s":{"0":2,"1":2,"2":2,"3":2,"4":2,"5":2,"6":2,"7":2,"8":1,"9":1,"10":1,"11":0,"12":2,"13":3,"14":3,"15":3,"16":3,"17":0,"18":2,"19":12,"20":12,"21":12,"22":12,"23":4,"24":2,"25":5,"26":5,"27":5,"28":5,"29":5,"30":4,"31":2,"32":1,"33":1,"34":1,"35":1,"36":0,"37":2,"38":1,"39":1,"40":1,"41":0,"42":2,"43":3,"44":3,"45":3,"46":3,"47":0,"48":2,"49":13,"50":13,"51":13,"52":13,"53":5,"54":2,"55":5,"56":5,"57":5,"58":5,"59":5,"60":4,"61":2,"62":1,"63":1,"64":1,"65":1,"66":0,"67":2},"f":{"0":1,"1":3,"2":12,"3":5,"4":1,"5":1,"6":3,"7":13,"8":5,"9":1},"b":{"0":[4,8],"1":[12,9,8],"2":[4,1],"3":[5,2],"4":[5,8],"5":[13,9,8,8],"6":[4,1],"7":[5,2,1]},"_coverageSchema":"1a1c01bbd47fc00a2c39e90264f33305004495a9","hash":"52a6e80b6e3e90c1a0bb6c2848d594b92312086c"}
,"C:\\Users\\DM\\Course\\content-management\\Client\\cms\\src\\Helpers\\deleteContent.js": {"path":"C:\\Users\\DM\\Course\\content-management\\Client\\cms\\src\\Helpers\\deleteContent.js","statementMap":{"0":{"start":{"line":1,"column":22},"end":{"line":11,"column":3}},"1":{"start":{"line":2,"column":4},"end":{"line":10,"column":5}},"2":{"start":{"line":3,"column":6},"end":{"line":6,"column":8}},"3":{"start":{"line":7,"column":6},"end":{"line":7,"column":28}},"4":{"start":{"line":9,"column":6},"end":{"line":9,"column":33}}},"fnMap":{"0":{"name":"(anonymous_0)","decl":{"start":{"line":1,"column":22},"end":{"line":1,"column":23}},"loc":{"start":{"line":1,"column":47},"end":{"line":11,"column":3}},"line":1}},"branchMap":{},"s":{"0":1,"1":0,"2":0,"3":0,"4":0},"f":{"0":0},"b":{},"_coverageSchema":"1a1c01bbd47fc00a2c39e90264f33305004495a9","hash":"503005f839049a234d890aa47a6fe214e3c97f5d"}
,"C:\\Users\\DM\\Course\\content-management\\Client\\cms\\src\\Helpers\\deleteUser.js": {"path":"C:\\Users\\DM\\Course\\content-management\\Client\\cms\\src\\Helpers\\deleteUser.js","statementMap":{"0":{"start":{"line":1,"column":19},"end":{"line":11,"column":3}},"1":{"start":{"line":2,"column":4},"end":{"line":10,"column":5}},"2":{"start":{"line":3,"column":6},"end":{"line":6,"column":8}},"3":{"start":{"line":7,"column":6},"end":{"line":7,"column":28}},"4":{"start":{"line":9,"column":6},"end":{"line":9,"column":33}}},"fnMap":{"0":{"name":"(anonymous_0)","decl":{"start":{"line":1,"column":19},"end":{"line":1,"column":20}},"loc":{"start":{"line":1,"column":41},"end":{"line":11,"column":3}},"line":1}},"branchMap":{},"s":{"0":1,"1":0,"2":0,"3":0,"4":0},"f":{"0":0},"b":{},"_coverageSchema":"1a1c01bbd47fc00a2c39e90264f33305004495a9","hash":"e5f82439ff77b170b845b56859f0eb7eb8c7af03"}
,"C:\\Users\\DM\\Course\\content-management\\Client\\cms\\src\\Helpers\\getAllContent.js": {"path":"C:\\Users\\DM\\Course\\content-management\\Client\\cms\\src\\Helpers\\getAllContent.js","statementMap":{"0":{"start":{"line":1,"column":19},"end":{"line":9,"column":3}},"1":{"start":{"line":2,"column":4},"end":{"line":8,"column":5}},"2":{"start":{"line":3,"column":26},"end":{"line":3,"column":50}},"3":{"start":{"line":4,"column":22},"end":{"line":4,"column":46}},"4":{"start":{"line":5,"column":6},"end":{"line":5,"column":72}},"5":{"start":{"line":7,"column":6},"end":{"line":7,"column":33}}},"fnMap":{"0":{"name":"(anonymous_0)","decl":{"start":{"line":1,"column":19},"end":{"line":1,"column":20}},"loc":{"start":{"line":1,"column":30},"end":{"line":9,"column":3}},"line":1}},"branchMap":{"0":{"loc":{"start":{"line":5,"column":13},"end":{"line":5,"column":72}},"type":"cond-expr","locations":[{"start":{"line":5,"column":61},"end":{"line":5,"column":62}},{"start":{"line":5,"column":65},"end":{"line":5,"column":72}}],"line":5},"1":{"loc":{"start":{"line":5,"column":13},"end":{"line":5,"column":58}},"type":"binary-expr","locations":[{"start":{"line":5,"column":13},"end":{"line":5,"column":34}},{"start":{"line":5,"column":38},"end":{"line":5,"column":58}}],"line":5}},"s":{"0":1,"1":0,"2":0,"3":0,"4":0,"5":0},"f":{"0":0},"b":{"0":[0,0],"1":[0,0]},"_coverageSchema":"1a1c01bbd47fc00a2c39e90264f33305004495a9","hash":"60a935c810f2fcc5166ca95dd17d6404cfbf10fc"}
,"C:\\Users\\DM\\Course\\content-management\\Client\\cms\\src\\Helpers\\getAllUsers.js": {"path":"C:\\Users\\DM\\Course\\content-management\\Client\\cms\\src\\Helpers\\getAllUsers.js","statementMap":{"0":{"start":{"line":1,"column":17},"end":{"line":9,"column":3}},"1":{"start":{"line":2,"column":4},"end":{"line":8,"column":5}},"2":{"start":{"line":3,"column":26},"end":{"line":3,"column":48}},"3":{"start":{"line":4,"column":20},"end":{"line":4,"column":44}},"4":{"start":{"line":5,"column":6},"end":{"line":5,"column":66}},"5":{"start":{"line":7,"column":6},"end":{"line":7,"column":33}}},"fnMap":{"0":{"name":"(anonymous_0)","decl":{"start":{"line":1,"column":17},"end":{"line":1,"column":18}},"loc":{"start":{"line":1,"column":28},"end":{"line":9,"column":3}},"line":1}},"branchMap":{"0":{"loc":{"start":{"line":5,"column":13},"end":{"line":5,"column":66}},"type":"cond-expr","locations":[{"start":{"line":5,"column":57},"end":{"line":5,"column":58}},{"start":{"line":5,"column":61},"end":{"line":5,"column":66}}],"line":5},"1":{"loc":{"start":{"line":5,"column":13},"end":{"line":5,"column":54}},"type":"binary-expr","locations":[{"start":{"line":5,"column":13},"end":{"line":5,"column":32}},{"start":{"line":5,"column":36},"end":{"line":5,"column":54}}],"line":5}},"s":{"0":1,"1":0,"2":0,"3":0,"4":0,"5":0},"f":{"0":0},"b":{"0":[0,0],"1":[0,0]},"_coverageSchema":"1a1c01bbd47fc00a2c39e90264f33305004495a9","hash":"c2d9b611a7e1463a046d1b516444147eece60058"}
,"C:\\Users\\DM\\Course\\content-management\\Client\\cms\\src\\Helpers\\getContentById.js": {"path":"C:\\Users\\DM\\Course\\content-management\\Client\\cms\\src\\Helpers\\getContentById.js","statementMap":{"0":{"start":{"line":1,"column":23},"end":{"line":9,"column":3}},"1":{"start":{"line":2,"column":4},"end":{"line":8,"column":5}},"2":{"start":{"line":3,"column":26},"end":{"line":3,"column":53}},"3":{"start":{"line":4,"column":22},"end":{"line":4,"column":46}},"4":{"start":{"line":5,"column":6},"end":{"line":5,"column":72}},"5":{"start":{"line":7,"column":6},"end":{"line":7,"column":33}}},"fnMap":{"0":{"name":"(anonymous_0)","decl":{"start":{"line":1,"column":23},"end":{"line":1,"column":24}},"loc":{"start":{"line":1,"column":36},"end":{"line":9,"column":3}},"line":1}},"branchMap":{"0":{"loc":{"start":{"line":5,"column":13},"end":{"line":5,"column":72}},"type":"cond-expr","locations":[{"start":{"line":5,"column":61},"end":{"line":5,"column":62}},{"start":{"line":5,"column":65},"end":{"line":5,"column":72}}],"line":5},"1":{"loc":{"start":{"line":5,"column":13},"end":{"line":5,"column":58}},"type":"binary-expr","locations":[{"start":{"line":5,"column":13},"end":{"line":5,"column":34}},{"start":{"line":5,"column":38},"end":{"line":5,"column":58}}],"line":5}},"s":{"0":1,"1":0,"2":0,"3":0,"4":0,"5":0},"f":{"0":0},"b":{"0":[0,0],"1":[0,0]},"_coverageSchema":"1a1c01bbd47fc00a2c39e90264f33305004495a9","hash":"be73eede2fb82b9d3a786b3dc1615e33fdcd22f7"}
,"C:\\Users\\DM\\Course\\content-management\\Client\\cms\\src\\Helpers\\getUserById.js": {"path":"C:\\Users\\DM\\Course\\content-management\\Client\\cms\\src\\Helpers\\getUserById.js","statementMap":{"0":{"start":{"line":1,"column":20},"end":{"line":9,"column":3}},"1":{"start":{"line":2,"column":4},"end":{"line":8,"column":5}},"2":{"start":{"line":3,"column":26},"end":{"line":3,"column":51}},"3":{"start":{"line":4,"column":19},"end":{"line":4,"column":43}},"4":{"start":{"line":5,"column":6},"end":{"line":5,"column":63}},"5":{"start":{"line":7,"column":6},"end":{"line":7,"column":33}}},"fnMap":{"0":{"name":"(anonymous_0)","decl":{"start":{"line":1,"column":20},"end":{"line":1,"column":21}},"loc":{"start":{"line":1,"column":33},"end":{"line":9,"column":3}},"line":1}},"branchMap":{"0":{"loc":{"start":{"line":5,"column":13},"end":{"line":5,"column":63}},"type":"cond-expr","locations":[{"start":{"line":5,"column":55},"end":{"line":5,"column":56}},{"start":{"line":5,"column":59},"end":{"line":5,"column":63}}],"line":5},"1":{"loc":{"start":{"line":5,"column":13},"end":{"line":5,"column":52}},"type":"binary-expr","locations":[{"start":{"line":5,"column":13},"end":{"line":5,"column":31}},{"start":{"line":5,"column":35},"end":{"line":5,"column":52}}],"line":5}},"s":{"0":1,"1":0,"2":0,"3":0,"4":0,"5":0},"f":{"0":0},"b":{"0":[0,0],"1":[0,0]},"_coverageSchema":"1a1c01bbd47fc00a2c39e90264f33305004495a9","hash":"e5f9c7a8aee31f7a663fab1dcb5c736cc96f1f53"}
,"C:\\Users\\DM\\Course\\content-management\\Client\\cms\\src\\Helpers\\postContent.js": {"path":"C:\\Users\\DM\\Course\\content-management\\Client\\cms\\src\\Helpers\\postContent.js","statementMap":{"0":{"start":{"line":1,"column":20},"end":{"line":11,"column":3}},"1":{"start":{"line":2,"column":4},"end":{"line":10,"column":5}},"2":{"start":{"line":3,"column":19},"end":{"line":7,"column":8}},"3":{"start":{"line":9,"column":6},"end":{"line":9,"column":33}}},"fnMap":{"0":{"name":"(anonymous_0)","decl":{"start":{"line":1,"column":20},"end":{"line":1,"column":21}},"loc":{"start":{"line":1,"column":45},"end":{"line":11,"column":3}},"line":1}},"branchMap":{},"s":{"0":1,"1":0,"2":0,"3":0},"f":{"0":0},"b":{},"_coverageSchema":"1a1c01bbd47fc00a2c39e90264f33305004495a9","hash":"fa56146a65d309ff064c2549e7821f6f3f21be07"}
,"C:\\Users\\DM\\Course\\content-management\\Client\\cms\\src\\Helpers\\postUser.js": {"path":"C:\\Users\\DM\\Course\\content-management\\Client\\cms\\src\\Helpers\\postUser.js","statementMap":{"0":{"start":{"line":1,"column":17},"end":{"line":11,"column":3}},"1":{"start":{"line":2,"column":4},"end":{"line":10,"column":5}},"2":{"start":{"line":3,"column":19},"end":{"line":7,"column":8}},"3":{"start":{"line":9,"column":6},"end":{"line":9,"column":33}}},"fnMap":{"0":{"name":"(anonymous_0)","decl":{"start":{"line":1,"column":17},"end":{"line":1,"column":18}},"loc":{"start":{"line":1,"column":49},"end":{"line":11,"column":3}},"line":1}},"branchMap":{},"s":{"0":1,"1":0,"2":0,"3":0},"f":{"0":0},"b":{},"_coverageSchema":"1a1c01bbd47fc00a2c39e90264f33305004495a9","hash":"aab6d75b5e60e9a857be78a2305553640f679fe8"}
}
