{"C:\\Users\\DM\\Course\\content-management\\database.js": {"path":"C:\\Users\\DM\\Course\\content-management\\database.js","all":false,"statementMap":{"0":{"start":{"line":1,"column":0},"end":{"line":1,"column":26}},"1":{"start":{"line":2,"column":0},"end":{"line":2,"column":32}},"2":{"start":{"line":3,"column":0},"end":{"line":3,"column":0}},"3":{"start":{"line":4,"column":0},"end":{"line":4,"column":58}},"4":{"start":{"line":5,"column":0},"end":{"line":5,"column":0}},"5":{"start":{"line":6,"column":0},"end":{"line":6,"column":23}},"6":{"start":{"line":7,"column":0},"end":{"line":7,"column":28}},"7":{"start":{"line":8,"column":0},"end":{"line":8,"column":36}},"8":{"start":{"line":9,"column":0},"end":{"line":9,"column":52}},"9":{"start":{"line":10,"column":0},"end":{"line":10,"column":20}},"10":{"start":{"line":11,"column":0},"end":{"line":11,"column":13}},"11":{"start":{"line":12,"column":0},"end":{"line":12,"column":2}},"12":{"start":{"line":13,"column":0},"end":{"line":13,"column":0}},"13":{"start":{"line":14,"column":0},"end":{"line":14,"column":22}}},"s":{"0":1,"1":1,"2":1,"3":1,"4":1,"5":1,"6":1,"7":1,"8":1,"9":1,"10":1,"11":1,"12":1,"13":1},"branchMap":{"0":{"type":"branch","line":9,"loc":{"start":{"line":9,"column":24},"end":{"line":9,"column":38}},"locations":[{"start":{"line":9,"column":24},"end":{"line":9,"column":38}}]}},"b":{"0":[0]},"fnMap":{},"f":{}}
,"C:\\Users\\DM\\Course\\content-management\\index.js": {"path":"C:\\Users\\DM\\Course\\content-management\\index.js","all":false,"statementMap":{"0":{"start":{"line":1,"column":0},"end":{"line":1,"column":34}},"1":{"start":{"line":2,"column":0},"end":{"line":2,"column":21}},"2":{"start":{"line":3,"column":0},"end":{"line":3,"column":34}},"3":{"start":{"line":4,"column":0},"end":{"line":4,"column":28}},"4":{"start":{"line":5,"column":0},"end":{"line":5,"column":26}},"5":{"start":{"line":6,"column":0},"end":{"line":6,"column":0}},"6":{"start":{"line":7,"column":0},"end":{"line":7,"column":55}},"7":{"start":{"line":8,"column":0},"end":{"line":8,"column":23}},"8":{"start":{"line":9,"column":0},"end":{"line":9,"column":0}},"9":{"start":{"line":10,"column":0},"end":{"line":10,"column":9}},"10":{"start":{"line":11,"column":0},"end":{"line":11,"column":17}},"11":{"start":{"line":12,"column":0},"end":{"line":12,"column":0}},"12":{"start":{"line":13,"column":0},"end":{"line":13,"column":21}},"13":{"start":{"line":14,"column":0},"end":{"line":14,"column":42}},"14":{"start":{"line":15,"column":0},"end":{"line":15,"column":7}},"15":{"start":{"line":16,"column":0},"end":{"line":16,"column":63}},"16":{"start":{"line":17,"column":0},"end":{"line":17,"column":0}},"17":{"start":{"line":18,"column":0},"end":{"line":18,"column":29}},"18":{"start":{"line":19,"column":0},"end":{"line":19,"column":17}},"19":{"start":{"line":20,"column":0},"end":{"line":20,"column":31}},"20":{"start":{"line":21,"column":0},"end":{"line":21,"column":3}},"21":{"start":{"line":22,"column":0},"end":{"line":22,"column":2}},"22":{"start":{"line":23,"column":0},"end":{"line":23,"column":0}},"23":{"start":{"line":24,"column":0},"end":{"line":24,"column":30}},"24":{"start":{"line":25,"column":0},"end":{"line":25,"column":45}},"25":{"start":{"line":26,"column":0},"end":{"line":26,"column":28}},"26":{"start":{"line":27,"column":0},"end":{"line":27,"column":7}},"27":{"start":{"line":28,"column":0},"end":{"line":28,"column":87}},"28":{"start":{"line":29,"column":0},"end":{"line":29,"column":0}},"29":{"start":{"line":30,"column":0},"end":{"line":30,"column":29}},"30":{"start":{"line":31,"column":0},"end":{"line":31,"column":17}},"31":{"start":{"line":32,"column":0},"end":{"line":32,"column":30}},"32":{"start":{"line":33,"column":0},"end":{"line":33,"column":3}},"33":{"start":{"line":34,"column":0},"end":{"line":34,"column":2}},"34":{"start":{"line":35,"column":0},"end":{"line":35,"column":0}},"35":{"start":{"line":36,"column":0},"end":{"line":36,"column":33}},"36":{"start":{"line":37,"column":0},"end":{"line":37,"column":46}},"37":{"start":{"line":38,"column":0},"end":{"line":38,"column":7}},"38":{"start":{"line":39,"column":0},"end":{"line":39,"column":52}},"39":{"start":{"line":40,"column":0},"end":{"line":40,"column":0}},"40":{"start":{"line":41,"column":0},"end":{"line":41,"column":100}},"41":{"start":{"line":42,"column":0},"end":{"line":42,"column":120}},"42":{"start":{"line":43,"column":0},"end":{"line":43,"column":0}},"43":{"start":{"line":44,"column":0},"end":{"line":44,"column":32}},"44":{"start":{"line":45,"column":0},"end":{"line":45,"column":0}},"45":{"start":{"line":46,"column":0},"end":{"line":46,"column":15}},"46":{"start":{"line":47,"column":0},"end":{"line":47,"column":30}},"47":{"start":{"line":48,"column":0},"end":{"line":48,"column":3}},"48":{"start":{"line":49,"column":0},"end":{"line":49,"column":2}},"49":{"start":{"line":50,"column":0},"end":{"line":50,"column":0}},"50":{"start":{"line":51,"column":0},"end":{"line":51,"column":31}},"51":{"start":{"line":52,"column":0},"end":{"line":52,"column":44}},"52":{"start":{"line":53,"column":0},"end":{"line":53,"column":7}},"53":{"start":{"line":54,"column":0},"end":{"line":54,"column":28}},"54":{"start":{"line":55,"column":0},"end":{"line":55,"column":38}},"55":{"start":{"line":56,"column":0},"end":{"line":56,"column":0}},"56":{"start":{"line":57,"column":0},"end":{"line":57,"column":175}},"57":{"start":{"line":58,"column":0},"end":{"line":58,"column":0}},"58":{"start":{"line":59,"column":0},"end":{"line":59,"column":35}},"59":{"start":{"line":60,"column":0},"end":{"line":60,"column":0}},"60":{"start":{"line":61,"column":0},"end":{"line":61,"column":17}},"61":{"start":{"line":62,"column":0},"end":{"line":62,"column":30}},"62":{"start":{"line":63,"column":0},"end":{"line":63,"column":3}},"63":{"start":{"line":64,"column":0},"end":{"line":64,"column":2}},"64":{"start":{"line":65,"column":0},"end":{"line":65,"column":0}},"65":{"start":{"line":66,"column":0},"end":{"line":66,"column":31}},"66":{"start":{"line":67,"column":0},"end":{"line":67,"column":47}},"67":{"start":{"line":68,"column":0},"end":{"line":68,"column":7}},"68":{"start":{"line":69,"column":0},"end":{"line":69,"column":28}},"69":{"start":{"line":70,"column":0},"end":{"line":70,"column":91}},"70":{"start":{"line":71,"column":0},"end":{"line":71,"column":0}},"71":{"start":{"line":72,"column":0},"end":{"line":72,"column":35}},"72":{"start":{"line":73,"column":0},"end":{"line":73,"column":0}},"73":{"start":{"line":74,"column":0},"end":{"line":74,"column":17}},"74":{"start":{"line":75,"column":0},"end":{"line":75,"column":30}},"75":{"start":{"line":76,"column":0},"end":{"line":76,"column":3}},"76":{"start":{"line":77,"column":0},"end":{"line":77,"column":2}},"77":{"start":{"line":78,"column":0},"end":{"line":78,"column":0}},"78":{"start":{"line":79,"column":0},"end":{"line":79,"column":9}},"79":{"start":{"line":80,"column":0},"end":{"line":80,"column":8}},"80":{"start":{"line":81,"column":0},"end":{"line":81,"column":0}},"81":{"start":{"line":82,"column":0},"end":{"line":82,"column":19}},"82":{"start":{"line":83,"column":0},"end":{"line":83,"column":40}},"83":{"start":{"line":84,"column":0},"end":{"line":84,"column":7}},"84":{"start":{"line":85,"column":0},"end":{"line":85,"column":61}},"85":{"start":{"line":86,"column":0},"end":{"line":86,"column":0}},"86":{"start":{"line":87,"column":0},"end":{"line":87,"column":27}},"87":{"start":{"line":88,"column":0},"end":{"line":88,"column":17}},"88":{"start":{"line":89,"column":0},"end":{"line":89,"column":31}},"89":{"start":{"line":90,"column":0},"end":{"line":90,"column":3}},"90":{"start":{"line":91,"column":0},"end":{"line":91,"column":2}},"91":{"start":{"line":92,"column":0},"end":{"line":92,"column":0}},"92":{"start":{"line":93,"column":0},"end":{"line":93,"column":18}},"93":{"start":{"line":94,"column":0},"end":{"line":94,"column":43}},"94":{"start":{"line":95,"column":0},"end":{"line":95,"column":28}},"95":{"start":{"line":96,"column":0},"end":{"line":96,"column":7}},"96":{"start":{"line":97,"column":0},"end":{"line":97,"column":81}},"97":{"start":{"line":98,"column":0},"end":{"line":98,"column":0}},"98":{"start":{"line":99,"column":0},"end":{"line":99,"column":26}},"99":{"start":{"line":100,"column":0},"end":{"line":100,"column":17}},"100":{"start":{"line":101,"column":0},"end":{"line":101,"column":30}},"101":{"start":{"line":102,"column":0},"end":{"line":102,"column":3}},"102":{"start":{"line":103,"column":0},"end":{"line":103,"column":2}},"103":{"start":{"line":104,"column":0},"end":{"line":104,"column":0}},"104":{"start":{"line":105,"column":0},"end":{"line":105,"column":21}},"105":{"start":{"line":106,"column":0},"end":{"line":106,"column":44}},"106":{"start":{"line":107,"column":0},"end":{"line":107,"column":7}},"107":{"start":{"line":108,"column":0},"end":{"line":108,"column":59}},"108":{"start":{"line":109,"column":0},"end":{"line":109,"column":0}},"109":{"start":{"line":110,"column":0},"end":{"line":110,"column":107}},"110":{"start":{"line":111,"column":0},"end":{"line":111,"column":161}},"111":{"start":{"line":112,"column":0},"end":{"line":112,"column":0}},"112":{"start":{"line":113,"column":0},"end":{"line":113,"column":29}},"113":{"start":{"line":114,"column":0},"end":{"line":114,"column":0}},"114":{"start":{"line":115,"column":0},"end":{"line":115,"column":15}},"115":{"start":{"line":116,"column":0},"end":{"line":116,"column":30}},"116":{"start":{"line":117,"column":0},"end":{"line":117,"column":3}},"117":{"start":{"line":118,"column":0},"end":{"line":118,"column":2}},"118":{"start":{"line":119,"column":0},"end":{"line":119,"column":0}},"119":{"start":{"line":120,"column":0},"end":{"line":120,"column":19}},"120":{"start":{"line":121,"column":0},"end":{"line":121,"column":42}},"121":{"start":{"line":122,"column":0},"end":{"line":122,"column":7}},"122":{"start":{"line":123,"column":0},"end":{"line":123,"column":28}},"123":{"start":{"line":124,"column":0},"end":{"line":124,"column":59}},"124":{"start":{"line":125,"column":0},"end":{"line":125,"column":0}},"125":{"start":{"line":126,"column":0},"end":{"line":126,"column":221}},"126":{"start":{"line":127,"column":0},"end":{"line":127,"column":0}},"127":{"start":{"line":128,"column":0},"end":{"line":128,"column":32}},"128":{"start":{"line":129,"column":0},"end":{"line":129,"column":0}},"129":{"start":{"line":130,"column":0},"end":{"line":130,"column":17}},"130":{"start":{"line":131,"column":0},"end":{"line":131,"column":30}},"131":{"start":{"line":132,"column":0},"end":{"line":132,"column":3}},"132":{"start":{"line":133,"column":0},"end":{"line":133,"column":2}},"133":{"start":{"line":134,"column":0},"end":{"line":134,"column":0}},"134":{"start":{"line":135,"column":0},"end":{"line":135,"column":19}},"135":{"start":{"line":136,"column":0},"end":{"line":136,"column":45}},"136":{"start":{"line":137,"column":0},"end":{"line":137,"column":7}},"137":{"start":{"line":138,"column":0},"end":{"line":138,"column":28}},"138":{"start":{"line":139,"column":0},"end":{"line":139,"column":85}},"139":{"start":{"line":140,"column":0},"end":{"line":140,"column":0}},"140":{"start":{"line":141,"column":0},"end":{"line":141,"column":32}},"141":{"start":{"line":142,"column":0},"end":{"line":142,"column":0}},"142":{"start":{"line":143,"column":0},"end":{"line":143,"column":17}},"143":{"start":{"line":144,"column":0},"end":{"line":144,"column":30}},"144":{"start":{"line":145,"column":0},"end":{"line":145,"column":3}},"145":{"start":{"line":146,"column":0},"end":{"line":146,"column":2}},"146":{"start":{"line":147,"column":0},"end":{"line":147,"column":0}},"147":{"start":{"line":148,"column":0},"end":{"line":148,"column":20}}},"s":{"0":1,"1":1,"2":1,"3":1,"4":1,"5":1,"6":1,"7":1,"8":1,"9":1,"10":1,"11":1,"12":1,"13":1,"14":1,"15":1,"16":1,"17":1,"18":1,"19":0,"20":0,"21":1,"22":1,"23":1,"24":1,"25":3,"26":3,"27":3,"28":3,"29":3,"30":3,"31":0,"32":0,"33":3,"34":1,"35":1,"36":1,"37":12,"38":12,"39":12,"40":12,"41":8,"42":8,"43":8,"44":8,"45":12,"46":4,"47":4,"48":12,"49":1,"50":1,"51":1,"52":5,"53":5,"54":5,"55":5,"56":5,"57":1,"58":1,"59":1,"60":5,"61":4,"62":4,"63":5,"64":1,"65":1,"66":1,"67":1,"68":1,"69":1,"70":1,"71":1,"72":1,"73":1,"74":0,"75":0,"76":1,"77":1,"78":1,"79":1,"80":1,"81":1,"82":1,"83":1,"84":1,"85":1,"86":1,"87":1,"88":0,"89":0,"90":1,"91":1,"92":1,"93":1,"94":3,"95":3,"96":3,"97":3,"98":3,"99":3,"100":0,"101":0,"102":3,"103":1,"104":1,"105":1,"106":13,"107":13,"108":13,"109":13,"110":8,"111":8,"112":8,"113":8,"114":13,"115":5,"116":5,"117":13,"118":1,"119":1,"120":1,"121":5,"122":5,"123":5,"124":5,"125":5,"126":1,"127":1,"128":1,"129":5,"130":4,"131":4,"132":5,"133":1,"134":1,"135":1,"136":1,"137":1,"138":1,"139":1,"140":1,"141":1,"142":1,"143":0,"144":0,"145":1,"146":1,"147":1},"branchMap":{"0":{"type":"branch","line":14,"loc":{"start":{"line":14,"column":21},"end":{"line":22,"column":2}},"locations":[{"start":{"line":14,"column":21},"end":{"line":22,"column":2}}]},"1":{"type":"branch","line":19,"loc":{"start":{"line":19,"column":4},"end":{"line":21,"column":3}},"locations":[{"start":{"line":19,"column":4},"end":{"line":21,"column":3}}]},"2":{"type":"branch","line":25,"loc":{"start":{"line":25,"column":24},"end":{"line":34,"column":2}},"locations":[{"start":{"line":25,"column":24},"end":{"line":34,"column":2}}]},"3":{"type":"branch","line":31,"loc":{"start":{"line":31,"column":4},"end":{"line":33,"column":3}},"locations":[{"start":{"line":31,"column":4},"end":{"line":33,"column":3}}]},"4":{"type":"branch","line":37,"loc":{"start":{"line":37,"column":25},"end":{"line":49,"column":2}},"locations":[{"start":{"line":37,"column":25},"end":{"line":49,"column":2}}]},"5":{"type":"branch","line":41,"loc":{"start":{"line":41,"column":23},"end":{"line":41,"column":45}},"locations":[{"start":{"line":41,"column":23},"end":{"line":41,"column":45}}]},"6":{"type":"branch","line":41,"loc":{"start":{"line":41,"column":23},"end":{"line":41,"column":61}},"locations":[{"start":{"line":41,"column":23},"end":{"line":41,"column":61}}]},"7":{"type":"branch","line":41,"loc":{"start":{"line":41,"column":23},"end":{"line":41,"column":64}},"locations":[{"start":{"line":41,"column":23},"end":{"line":41,"column":64}}]},"8":{"type":"branch","line":41,"loc":{"start":{"line":41,"column":23},"end":{"line":41,"column":93}},"locations":[{"start":{"line":41,"column":23},"end":{"line":41,"column":93}}]},"9":{"type":"branch","line":41,"loc":{"start":{"line":41,"column":4},"end":{"line":46,"column":4}},"locations":[{"start":{"line":41,"column":4},"end":{"line":46,"column":4}}]},"10":{"type":"branch","line":46,"loc":{"start":{"line":46,"column":4},"end":{"line":48,"column":3}},"locations":[{"start":{"line":46,"column":4},"end":{"line":48,"column":3}}]},"11":{"type":"branch","line":52,"loc":{"start":{"line":52,"column":24},"end":{"line":64,"column":2}},"locations":[{"start":{"line":52,"column":24},"end":{"line":64,"column":2}}]},"12":{"type":"branch","line":57,"loc":{"start":{"line":57,"column":26},"end":{"line":57,"column":47}},"locations":[{"start":{"line":57,"column":26},"end":{"line":57,"column":47}}]},"13":{"type":"branch","line":57,"loc":{"start":{"line":57,"column":26},"end":{"line":57,"column":50}},"locations":[{"start":{"line":57,"column":26},"end":{"line":57,"column":50}}]},"14":{"type":"branch","line":57,"loc":{"start":{"line":57,"column":26},"end":{"line":57,"column":79}},"locations":[{"start":{"line":57,"column":26},"end":{"line":57,"column":79}}]},"15":{"type":"branch","line":57,"loc":{"start":{"line":57,"column":4},"end":{"line":61,"column":4}},"locations":[{"start":{"line":57,"column":4},"end":{"line":61,"column":4}}]},"16":{"type":"branch","line":61,"loc":{"start":{"line":61,"column":4},"end":{"line":63,"column":3}},"locations":[{"start":{"line":61,"column":4},"end":{"line":63,"column":3}}]},"17":{"type":"branch","line":67,"loc":{"start":{"line":67,"column":27},"end":{"line":77,"column":2}},"locations":[{"start":{"line":67,"column":27},"end":{"line":77,"column":2}}]},"18":{"type":"branch","line":74,"loc":{"start":{"line":74,"column":4},"end":{"line":76,"column":3}},"locations":[{"start":{"line":74,"column":4},"end":{"line":76,"column":3}}]},"19":{"type":"branch","line":83,"loc":{"start":{"line":83,"column":19},"end":{"line":91,"column":2}},"locations":[{"start":{"line":83,"column":19},"end":{"line":91,"column":2}}]},"20":{"type":"branch","line":88,"loc":{"start":{"line":88,"column":4},"end":{"line":90,"column":3}},"locations":[{"start":{"line":88,"column":4},"end":{"line":90,"column":3}}]},"21":{"type":"branch","line":94,"loc":{"start":{"line":94,"column":22},"end":{"line":103,"column":2}},"locations":[{"start":{"line":94,"column":22},"end":{"line":103,"column":2}}]},"22":{"type":"branch","line":100,"loc":{"start":{"line":100,"column":4},"end":{"line":102,"column":3}},"locations":[{"start":{"line":100,"column":4},"end":{"line":102,"column":3}}]},"23":{"type":"branch","line":106,"loc":{"start":{"line":106,"column":23},"end":{"line":118,"column":2}},"locations":[{"start":{"line":106,"column":23},"end":{"line":118,"column":2}}]},"24":{"type":"branch","line":110,"loc":{"start":{"line":110,"column":20},"end":{"line":110,"column":43}},"locations":[{"start":{"line":110,"column":20},"end":{"line":110,"column":43}}]},"25":{"type":"branch","line":110,"loc":{"start":{"line":110,"column":20},"end":{"line":110,"column":52}},"locations":[{"start":{"line":110,"column":20},"end":{"line":110,"column":52}}]},"26":{"type":"branch","line":110,"loc":{"start":{"line":110,"column":20},"end":{"line":110,"column":68}},"locations":[{"start":{"line":110,"column":20},"end":{"line":110,"column":68}}]},"27":{"type":"branch","line":110,"loc":{"start":{"line":110,"column":20},"end":{"line":110,"column":71}},"locations":[{"start":{"line":110,"column":20},"end":{"line":110,"column":71}}]},"28":{"type":"branch","line":110,"loc":{"start":{"line":110,"column":20},"end":{"line":110,"column":100}},"locations":[{"start":{"line":110,"column":20},"end":{"line":110,"column":100}}]},"29":{"type":"branch","line":110,"loc":{"start":{"line":110,"column":4},"end":{"line":115,"column":4}},"locations":[{"start":{"line":110,"column":4},"end":{"line":115,"column":4}}]},"30":{"type":"branch","line":115,"loc":{"start":{"line":115,"column":4},"end":{"line":117,"column":3}},"locations":[{"start":{"line":115,"column":4},"end":{"line":117,"column":3}}]},"31":{"type":"branch","line":121,"loc":{"start":{"line":121,"column":22},"end":{"line":133,"column":2}},"locations":[{"start":{"line":121,"column":22},"end":{"line":133,"column":2}}]},"32":{"type":"branch","line":126,"loc":{"start":{"line":126,"column":23},"end":{"line":126,"column":46}},"locations":[{"start":{"line":126,"column":23},"end":{"line":126,"column":46}}]},"33":{"type":"branch","line":126,"loc":{"start":{"line":126,"column":23},"end":{"line":126,"column":54}},"locations":[{"start":{"line":126,"column":23},"end":{"line":126,"column":54}}]},"34":{"type":"branch","line":126,"loc":{"start":{"line":126,"column":23},"end":{"line":126,"column":57}},"locations":[{"start":{"line":126,"column":23},"end":{"line":126,"column":57}}]},"35":{"type":"branch","line":126,"loc":{"start":{"line":126,"column":23},"end":{"line":126,"column":86}},"locations":[{"start":{"line":126,"column":23},"end":{"line":126,"column":86}}]},"36":{"type":"branch","line":126,"loc":{"start":{"line":126,"column":4},"end":{"line":130,"column":4}},"locations":[{"start":{"line":126,"column":4},"end":{"line":130,"column":4}}]},"37":{"type":"branch","line":130,"loc":{"start":{"line":130,"column":4},"end":{"line":132,"column":3}},"locations":[{"start":{"line":130,"column":4},"end":{"line":132,"column":3}}]},"38":{"type":"branch","line":136,"loc":{"start":{"line":136,"column":25},"end":{"line":146,"column":2}},"locations":[{"start":{"line":136,"column":25},"end":{"line":146,"column":2}}]},"39":{"type":"branch","line":143,"loc":{"start":{"line":143,"column":4},"end":{"line":145,"column":3}},"locations":[{"start":{"line":143,"column":4},"end":{"line":145,"column":3}}]}},"b":{"0":[1],"1":[0],"2":[3],"3":[0],"4":[12],"5":[9],"6":[8],"7":[4],"8":[8],"9":[8],"10":[4],"11":[5],"12":[2],"13":[4],"14":[1],"15":[1],"16":[4],"17":[1],"18":[0],"19":[1],"20":[0],"21":[3],"22":[0],"23":[13],"24":[9],"25":[8],"26":[8],"27":[5],"28":[8],"29":[8],"30":[5],"31":[5],"32":[2],"33":[1],"34":[4],"35":[1],"36":[1],"37":[4],"38":[1],"39":[0]},"fnMap":{},"f":{}}
}
