TN:
SF:database.js
FNF:0
FNH:0
DA:1,1
DA:2,1
DA:3,1
DA:4,1
DA:5,1
DA:6,1
DA:7,1
DA:8,1
DA:9,1
DA:10,1
DA:11,1
DA:12,1
DA:13,1
DA:14,1
LF:14
LH:14
BRDA:9,0,0,0
BRF:1
BRH:0
end_of_record
TN:
SF:index.js
FNF:0
FNH:0
DA:1,1
DA:2,1
DA:3,1
DA:4,1
DA:5,1
DA:6,1
DA:7,1
DA:8,1
DA:9,1
DA:10,1
DA:11,1
DA:12,1
DA:13,1
DA:14,1
DA:15,1
DA:16,1
DA:17,1
DA:18,0
DA:19,0
DA:20,1
DA:21,1
DA:22,1
DA:23,1
DA:24,3
DA:25,3
DA:26,3
DA:27,3
DA:28,3
DA:29,3
DA:30,0
DA:31,0
DA:32,3
DA:33,1
DA:34,1
DA:35,1
DA:36,11
DA:37,11
DA:38,11
DA:39,11
DA:40,8
DA:41,8
DA:42,8
DA:43,8
DA:44,11
DA:45,3
DA:46,3
DA:47,11
DA:48,1
DA:49,1
DA:50,1
DA:51,4
DA:52,4
DA:53,4
DA:54,4
DA:55,4
DA:56,1
DA:57,1
DA:58,1
DA:59,4
DA:60,3
DA:61,3
DA:62,4
DA:63,1
DA:64,1
DA:65,1
DA:66,1
DA:67,1
DA:68,1
DA:69,1
DA:70,1
DA:71,1
DA:72,1
DA:73,0
DA:74,0
DA:75,1
DA:76,1
DA:77,1
DA:78,1
DA:79,1
DA:80,1
DA:81,1
DA:82,1
DA:83,1
DA:84,1
DA:85,1
DA:86,1
DA:87,0
DA:88,0
DA:89,1
DA:90,1
DA:91,1
DA:92,1
DA:93,3
DA:94,3
DA:95,3
DA:96,3
DA:97,3
DA:98,3
DA:99,0
DA:100,0
DA:101,3
DA:102,1
DA:103,1
DA:104,1
DA:105,12
DA:106,12
DA:107,12
DA:108,12
DA:109,8
DA:110,8
DA:111,8
DA:112,8
DA:113,12
DA:114,4
DA:115,4
DA:116,12
DA:117,1
DA:118,1
DA:119,1
DA:120,5
DA:121,5
DA:122,5
DA:123,5
DA:124,5
DA:125,1
DA:126,1
DA:127,1
DA:128,5
DA:129,4
DA:130,4
DA:131,5
DA:132,1
DA:133,1
DA:134,1
DA:135,1
DA:136,1
DA:137,1
DA:138,1
DA:139,1
DA:140,1
DA:141,1
DA:142,0
DA:143,0
DA:144,1
DA:145,1
DA:146,1
LF:146
LH:134
BRDA:12,0,0,1
BRDA:17,1,0,0
BRDA:23,2,0,3
BRDA:29,3,0,0
BRDA:35,4,0,11
BRDA:39,5,0,9
BRDA:39,6,0,3
BRDA:39,7,0,8
BRDA:39,8,0,8
BRDA:44,9,0,3
BRDA:50,10,0,4
BRDA:55,11,0,2
BRDA:55,12,0,3
BRDA:55,13,0,1
BRDA:55,14,0,1
BRDA:59,15,0,3
BRDA:65,16,0,1
BRDA:72,17,0,0
BRDA:81,18,0,1
BRDA:86,19,0,0
BRDA:92,20,0,3
BRDA:98,21,0,0
BRDA:104,22,0,12
BRDA:108,23,0,9
BRDA:108,24,0,8
BRDA:108,25,0,4
BRDA:108,26,0,8
BRDA:108,27,0,8
BRDA:113,28,0,4
BRDA:119,29,0,5
BRDA:124,30,0,2
BRDA:124,31,0,1
BRDA:124,32,0,4
BRDA:124,33,0,1
BRDA:124,34,0,1
BRDA:128,35,0,4
BRDA:134,36,0,1
BRDA:141,37,0,0
BRF:38
BRH:32
end_of_record
