TN:
SF:database.js
FNF:0
FNH:0
DA:1,2
DA:2,2
DA:4,2
DA:6,2
DA:14,2
LF:5
LH:5
BRDA:9,0,0,0
BRDA:9,0,1,2
BRF:2
BRH:1
end_of_record
TN:
SF:index.js
FN:14,(anonymous_0)
FN:25,(anonymous_1)
FN:37,(anonymous_2)
FN:52,(anonymous_3)
FN:67,(anonymous_4)
FN:83,(anonymous_5)
FN:94,(anonymous_6)
FN:106,(anonymous_7)
FN:121,(anonymous_8)
FN:136,(anonymous_9)
FNF:10
FNH:10
FNDA:1,(anonymous_0)
FNDA:3,(anonymous_1)
FNDA:12,(anonymous_2)
FNDA:5,(anonymous_3)
FNDA:1,(anonymous_4)
FNDA:1,(anonymous_5)
FNDA:3,(anonymous_6)
FNDA:13,(anonymous_7)
FNDA:5,(anonymous_8)
FNDA:1,(anonymous_9)
DA:1,2
DA:2,2
DA:3,2
DA:4,2
DA:5,2
DA:7,2
DA:8,2
DA:14,2
DA:15,1
DA:16,1
DA:18,1
DA:20,0
DA:25,2
DA:26,3
DA:27,3
DA:28,3
DA:30,3
DA:32,0
DA:37,2
DA:38,12
DA:39,12
DA:41,12
DA:44,12
DA:47,4
DA:52,2
DA:53,5
DA:54,5
DA:55,5
DA:57,5
DA:59,5
DA:62,4
DA:67,2
DA:68,1
DA:69,1
DA:70,1
DA:72,1
DA:75,0
DA:83,2
DA:84,1
DA:85,1
DA:87,1
DA:89,0
DA:94,2
DA:95,3
DA:96,3
DA:97,3
DA:99,3
DA:101,0
DA:106,2
DA:107,13
DA:108,13
DA:110,13
DA:113,13
DA:116,5
DA:121,2
DA:122,5
DA:123,5
DA:124,5
DA:126,5
DA:128,5
DA:131,4
DA:136,2
DA:137,1
DA:138,1
DA:139,1
DA:141,1
DA:144,0
DA:148,2
LF:68
LH:62
BRDA:41,0,0,4
BRDA:41,0,1,8
BRDA:41,1,0,12
BRDA:41,1,1,9
BRDA:41,1,2,8
BRDA:57,2,0,4
BRDA:57,2,1,1
BRDA:57,3,0,5
BRDA:57,3,1,2
BRDA:110,4,0,5
BRDA:110,4,1,8
BRDA:110,5,0,13
BRDA:110,5,1,9
BRDA:110,5,2,8
BRDA:110,5,3,8
BRDA:126,6,0,4
BRDA:126,6,1,1
BRDA:126,7,0,5
BRDA:126,7,1,2
BRDA:126,7,2,1
BRF:20
BRH:20
end_of_record
TN:
SF:Client\cms\src\Helpers\deleteContent.js
FN:1,(anonymous_0)
FNF:1
FNH:0
FNDA:0,(anonymous_0)
DA:1,1
DA:2,0
DA:3,0
DA:7,0
DA:9,0
LF:5
LH:1
BRF:0
BRH:0
end_of_record
TN:
SF:Client\cms\src\Helpers\deleteUser.js
FN:1,(anonymous_0)
FNF:1
FNH:0
FNDA:0,(anonymous_0)
DA:1,1
DA:2,0
DA:3,0
DA:7,0
DA:9,0
LF:5
LH:1
BRF:0
BRH:0
end_of_record
TN:
SF:Client\cms\src\Helpers\getAllContent.js
FN:1,(anonymous_0)
FNF:1
FNH:0
FNDA:0,(anonymous_0)
DA:1,1
DA:2,0
DA:3,0
DA:4,0
DA:5,0
DA:7,0
LF:6
LH:1
BRDA:5,0,0,0
BRDA:5,0,1,0
BRDA:5,1,0,0
BRDA:5,1,1,0
BRF:4
BRH:0
end_of_record
TN:
SF:Client\cms\src\Helpers\getAllUsers.js
FN:1,(anonymous_0)
FNF:1
FNH:0
FNDA:0,(anonymous_0)
DA:1,1
DA:2,0
DA:3,0
DA:4,0
DA:5,0
DA:7,0
LF:6
LH:1
BRDA:5,0,0,0
BRDA:5,0,1,0
BRDA:5,1,0,0
BRDA:5,1,1,0
BRF:4
BRH:0
end_of_record
TN:
SF:Client\cms\src\Helpers\getContentById.js
FN:1,(anonymous_0)
FNF:1
FNH:0
FNDA:0,(anonymous_0)
DA:1,1
DA:2,0
DA:3,0
DA:4,0
DA:5,0
DA:7,0
LF:6
LH:1
BRDA:5,0,0,0
BRDA:5,0,1,0
BRDA:5,1,0,0
BRDA:5,1,1,0
BRF:4
BRH:0
end_of_record
TN:
SF:Client\cms\src\Helpers\getUserById.js
FN:1,(anonymous_0)
FNF:1
FNH:0
FNDA:0,(anonymous_0)
DA:1,1
DA:2,0
DA:3,0
DA:4,0
DA:5,0
DA:7,0
LF:6
LH:1
BRDA:5,0,0,0
BRDA:5,0,1,0
BRDA:5,1,0,0
BRDA:5,1,1,0
BRF:4
BRH:0
end_of_record
TN:
SF:Client\cms\src\Helpers\postContent.js
FN:1,(anonymous_0)
FNF:1
FNH:0
FNDA:0,(anonymous_0)
DA:1,1
DA:2,0
DA:3,0
DA:9,0
LF:4
LH:1
BRF:0
BRH:0
end_of_record
TN:
SF:Client\cms\src\Helpers\postUser.js
FN:1,(anonymous_0)
FNF:1
FNH:0
FNDA:0,(anonymous_0)
DA:1,1
DA:2,0
DA:3,0
DA:9,0
LF:4
LH:1
BRF:0
BRH:0
end_of_record
